<?xml version="1.0" encoding="UTF-8"?>
<!-- Generated by org.testng.reporters.JUnitXMLReporter -->
<testsuite hostname="ENCDTH071" ignored="0" name="Test" tests="2" failures="1" timestamp="21 Sep 2018 11:57:27 GMT" time="32.592" errors="0">
  <testcase name="TestFail" time="0.009" classname="Project1.Listerens_Implementation">
    <failure type="java.lang.AssertionError" message="expected [true] but found [false]">
      <![CDATA[java.lang.AssertionError: expected [true] but found [false]
at Project1.Listerens_Implementation.TestFail(Listerens_Implementation.java:31)
... Removed 29 stack frames]]>
    </failure>
  </testcase> <!-- TestFail -->
  <testcase name="login" time="32.557" classname="Project1.Listerens_Implementation"/>
</testsuite> <!-- Test -->
